[debug] [2023-05-01T15:30:56.892Z] ----------------------------------------------------------------------
[debug] [2023-05-01T15:30:56.896Z] Command:       D:\Node 2.0\node.exe C:\Users\91969\AppData\Roaming\npm\node_modules\firebase-tools\lib\bin\firebase.js init
[debug] [2023-05-01T15:30:56.897Z] CLI Version:   11.29.1
[debug] [2023-05-01T15:30:56.898Z] Platform:      win32
[debug] [2023-05-01T15:30:56.898Z] Node Version:  v18.15.0
[debug] [2023-05-01T15:30:56.899Z] Time:          Mon May 01 2023 21:00:56 GMT+0530 (India Standard Time)
[debug] [2023-05-01T15:30:56.899Z] ----------------------------------------------------------------------
[debug] 
[debug] [2023-05-01T15:30:57.015Z] > command requires scopes: ["email","openid","https://www.googleapis.com/auth/cloudplatformprojects.readonly","https://www.googleapis.com/auth/firebase","https://www.googleapis.com/auth/cloud-platform"]
[debug] [2023-05-01T15:30:57.015Z] > authorizing via signed-in user (paliwalmudit23@gmail.com)
[info] 
     ######## #### ########  ######## ########     ###     ######  ########
     ##        ##  ##     ## ##       ##     ##  ##   ##  ##       ##
     ######    ##  ########  ######   ########  #########  ######  ######
     ##        ##  ##    ##  ##       ##     ## ##     ##       ## ##
     ##       #### ##     ## ######## ########  ##     ##  ######  ########

You're about to initialize a Firebase project in this directory:

  D:\project\disney-clone

Before we get started, keep in mind:

  * You are initializing within an existing Firebase project directory

[info] 
=== Project Setup
[info] 
[info] First, let's associate this project directory with a Firebase project.
[info] You can create multiple project aliases by running firebase use --add, 
[info] but for now we'll just set up a default project.
[info] 
[debug] [2023-05-01T15:31:10.996Z] Using project from CLI flag: eyestea-ae091
[debug] [2023-05-01T15:31:11.000Z] >>> [apiv2][query] GET https://firebase.googleapis.com/v1beta1/projects/eyestea-ae091 [none]
[debug] [2023-05-01T15:31:11.686Z] <<< [apiv2][status] GET https://firebase.googleapis.com/v1beta1/projects/eyestea-ae091 200
[debug] [2023-05-01T15:31:11.686Z] <<< [apiv2][body] GET https://firebase.googleapis.com/v1beta1/projects/eyestea-ae091 {"projectId":"eyestea-ae091","projectNumber":"108943108289","displayName":"eyesTea","name":"projects/eyestea-ae091","resources":{"hostingSite":"eyestea-ae091","storageBucket":"eyestea-ae091.appspot.com","locationId":"us-central"},"state":"ACTIVE","etag":"1_0fdeceaf-7842-44a1-a5e1-6509cde0fe69"}
[info] i  Using project eyestea-ae091 (eyesTea) 
[info] 
=== Hosting Setup
[info] 
[info] Your public directory is the folder (relative to your project directory) that
[info] will contain Hosting assets to be uploaded with firebase deploy. If you
[info] have a build process for your assets, use your build's output directory.
[info] 
